feature/restaurants/build/intermediates/manifest_merge_blame_file/debug/manifest-merger-blame-debug-report.txt
1<?xml version="1.0" encoding="utf-8"?>
2<manifest xmlns:android="http://schemas.android.com/apk/res/android"
3    xmlns:dist="http://schemas.android.com/apk/distribution"
4    featureSplit="restaurants"
5    package="com.restaurant.app"
6    android:versionCode="1"
7    android:versionName="1.0.0" >
8
9    <uses-sdk
10        android:minSdkVersion="21"
10-->src/main/AndroidManifest.xml
11        android:targetSdkVersion="28" />
11-->src/main/AndroidManifest.xml
12
13    <dist:module
13-->src/main/AndroidManifest.xml:5:5-9:19
14        dist:instant="false"
14-->src/main/AndroidManifest.xml:6:9-29
15        dist:onDemand="false" >
15-->src/main/AndroidManifest.xml:7:9-30
16        <dist:fusing dist:include="true" />
16-->src/main/AndroidManifest.xml:8:9-44
16-->src/main/AndroidManifest.xml:8:22-41
17    </dist:module>
18
19</manifest>